2021-06-05 15:13:47.522 [main] DEBUG org.vuffy.o2o.dao.ShopDao.queryShopList - ==>  Preparing: SELECT s.shop_id, s.shop_name, s.shop_desc, s.shop_addr, s.phone, s.shop_img, s.priority, s.create_time, s.last_edit_time, s.enable_status, s.advice, a.area_id, a.area_name, sc.shop_category_id, sc.shop_category_name FROM tb_shop s, tb_area a, tb_shop_category sc WHERE s.owner_id = ? AND s.area_id = a.area_id AND s.shop_category_id = sc.shop_category_id ORDER BY s.priority DESC LIMIT ?, ?;
2021-06-05 15:13:47.594 [main] DEBUG org.vuffy.o2o.dao.ShopDao.queryShopList - ==> Parameters: 1(Long), 0(Integer), 5(Integer)
2021-06-05 15:13:47.645 [main] DEBUG org.vuffy.o2o.dao.ShopDao.queryShopList - <==      Total: 5
2021-06-05 15:22:04.631 [main] DEBUG org.vuffy.o2o.dao.ShopDao.queryShopList - ==>  Preparing: SELECT s.shop_id, s.shop_name, s.shop_desc, s.shop_addr, s.phone, s.shop_img, s.priority, s.create_time, s.last_edit_time, s.enable_status, s.advice, a.area_id, a.area_name, sc.shop_category_id, sc.shop_category_name FROM tb_shop s, tb_area a, tb_shop_category sc WHERE s.owner_id = ? AND s.area_id = a.area_id AND s.shop_category_id = sc.shop_category_id ORDER BY s.priority DESC LIMIT ?, ?;
2021-06-05 15:22:04.679 [main] DEBUG org.vuffy.o2o.dao.ShopDao.queryShopList - ==> Parameters: 1(Long), 0(Integer), 5(Integer)
2021-06-05 15:22:04.721 [main] DEBUG org.vuffy.o2o.dao.ShopDao.queryShopList - <==      Total: 5
2021-06-05 15:22:32.002 [main] DEBUG org.vuffy.o2o.dao.ShopDao.queryShopList - ==>  Preparing: SELECT s.shop_id, s.shop_name, s.shop_desc, s.shop_addr, s.phone, s.shop_img, s.priority, s.create_time, s.last_edit_time, s.enable_status, s.advice, a.area_id, a.area_name, sc.shop_category_id, sc.shop_category_name FROM tb_shop s, tb_area a, tb_shop_category sc WHERE s.owner_id = ? AND s.area_id = a.area_id AND s.shop_category_id = sc.shop_category_id ORDER BY s.priority DESC LIMIT ?, ?;
2021-06-05 15:22:32.071 [main] DEBUG org.vuffy.o2o.dao.ShopDao.queryShopList - ==> Parameters: 1(Long), 0(Integer), 5(Integer)
2021-06-05 15:22:32.109 [main] DEBUG org.vuffy.o2o.dao.ShopDao.queryShopList - <==      Total: 5
2021-06-05 15:22:40.499 [main] DEBUG org.vuffy.o2o.dao.ShopDao.queryShopList - ==>  Preparing: SELECT s.shop_id, s.shop_name, s.shop_desc, s.shop_addr, s.phone, s.shop_img, s.priority, s.create_time, s.last_edit_time, s.enable_status, s.advice, a.area_id, a.area_name, sc.shop_category_id, sc.shop_category_name FROM tb_shop s, tb_area a, tb_shop_category sc WHERE s.owner_id = ? AND s.area_id = a.area_id AND s.shop_category_id = sc.shop_category_id ORDER BY s.priority DESC LIMIT ?, ?;
2021-06-05 15:22:40.546 [main] DEBUG org.vuffy.o2o.dao.ShopDao.queryShopList - ==> Parameters: 1(Long), 0(Integer), 5(Integer)
2021-06-05 15:22:40.590 [main] DEBUG org.vuffy.o2o.dao.ShopDao.queryShopList - <==      Total: 5
2021-06-05 15:23:24.945 [main] DEBUG org.vuffy.o2o.dao.ShopDao.queryByShopId - ==>  Preparing: SELECT s.shop_id, s.shop_name, s.shop_desc, s.shop_addr, s.phone, s.shop_img, s.priority, s.create_time, s.last_edit_time, s.enable_status, s.advice, a.area_id, a.area_name, sc.shop_category_id, sc.shop_category_name FROM tb_shop s, tb_area a, tb_shop_category sc WHERE s.area_id = a.area_id AND s.shop_category_id = sc.shop_category_id AND s.shop_id = ?
2021-06-05 15:23:24.993 [main] DEBUG org.vuffy.o2o.dao.ShopDao.queryByShopId - ==> Parameters: 24(Long)
2021-06-05 15:23:25.033 [main] DEBUG org.vuffy.o2o.dao.ShopDao.queryByShopId - <==      Total: 1
2021-06-05 15:23:36.348 [main] DEBUG org.vuffy.o2o.dao.ShopDao.queryShopList - ==>  Preparing: SELECT s.shop_id, s.shop_name, s.shop_desc, s.shop_addr, s.phone, s.shop_img, s.priority, s.create_time, s.last_edit_time, s.enable_status, s.advice, a.area_id, a.area_name, sc.shop_category_id, sc.shop_category_name FROM tb_shop s, tb_area a, tb_shop_category sc WHERE s.owner_id = ? AND s.area_id = a.area_id AND s.shop_category_id = sc.shop_category_id ORDER BY s.priority DESC LIMIT ?, ?;
2021-06-05 15:23:36.395 [main] DEBUG org.vuffy.o2o.dao.ShopDao.queryShopList - ==> Parameters: 1(Long), 0(Integer), 5(Integer)
2021-06-05 15:23:36.442 [main] DEBUG org.vuffy.o2o.dao.ShopDao.queryShopList - <==      Total: 5
2021-06-05 15:30:33.014 [main] DEBUG org.vuffy.o2o.dao.ShopDao.queryShopList - ==>  Preparing: SELECT s.shop_id, s.shop_name, s.shop_desc, s.shop_addr, s.phone, s.shop_img, s.priority, s.create_time, s.last_edit_time, s.enable_status, s.advice, a.area_id, a.area_name, sc.shop_category_id, sc.shop_category_name FROM tb_shop s, tb_area a, tb_shop_category sc WHERE s.owner_id = ? AND s.area_id = a.area_id AND s.shop_category_id = sc.shop_category_id ORDER BY s.priority DESC LIMIT ?, ?;
2021-06-05 15:30:33.067 [main] DEBUG org.vuffy.o2o.dao.ShopDao.queryShopList - ==> Parameters: 1(Long), 0(Integer), 5(Integer)
2021-06-05 15:30:33.114 [main] DEBUG org.vuffy.o2o.dao.ShopDao.queryShopList - <==      Total: 5
2021-06-05 15:41:15.140 [main] DEBUG org.vuffy.o2o.dao.ShopDao.queryShopList - ==>  Preparing: SELECT s.shop_id, s.shop_name, s.shop_desc, s.shop_addr, s.phone, s.shop_img, s.priority, s.create_time, s.last_edit_time, s.enable_status, s.advice, a.area_id, a.area_name, sc.shop_category_id, sc.shop_category_name FROM tb_shop s, tb_area a, tb_shop_category sc WHERE s.owner_id = ? AND s.area_id = a.area_id AND s.shop_category_id = sc.shop_category_id ORDER BY s.priority DESC LIMIT ?, ?;
2021-06-05 15:41:15.192 [main] DEBUG org.vuffy.o2o.dao.ShopDao.queryShopList - ==> Parameters: 1(Long), 0(Integer), 5(Integer)
2021-06-05 15:41:15.232 [main] DEBUG org.vuffy.o2o.dao.ShopDao.queryShopList - <==      Total: 5
2021-06-05 15:43:24.803 [main] DEBUG org.vuffy.o2o.dao.ShopDao.queryShopList - ==>  Preparing: SELECT s.shop_id, s.shop_name, s.shop_desc, s.shop_addr, s.phone, s.shop_img, s.priority, s.create_time, s.last_edit_time, s.enable_status, s.advice, a.area_id, a.area_name, sc.shop_category_id, sc.shop_category_name FROM tb_shop s, tb_area a, tb_shop_category sc WHERE s.owner_id = ? AND s.area_id = a.area_id AND s.shop_category_id = sc.shop_category_id ORDER BY s.priority DESC LIMIT ?, ?;
2021-06-05 15:43:24.861 [main] DEBUG org.vuffy.o2o.dao.ShopDao.queryShopList - ==> Parameters: 1(Long), 0(Integer), 5(Integer)
2021-06-05 15:43:24.927 [main] DEBUG org.vuffy.o2o.dao.ShopDao.queryShopList - <==      Total: 5
2021-06-05 15:43:24.938 [main] DEBUG org.vuffy.o2o.dao.ShopDao.queryShopCount - ==>  Preparing: SELECT count(1) FROM tb_shop s, tb_area a, tb_shop_category sc WHERE s.owner_id = ? AND s.area_id = a.area_id AND s.shop_category_id = sc.shop_category_id
2021-06-05 15:43:24.938 [main] DEBUG org.vuffy.o2o.dao.ShopDao.queryShopCount - ==> Parameters: 1(Long)
2021-06-05 15:43:24.941 [main] DEBUG org.vuffy.o2o.dao.ShopDao.queryShopCount - <==      Total: 1
2021-06-05 16:38:17.406 [main] DEBUG org.vuffy.o2o.dao.ShopDao.queryShopList - ==>  Preparing: SELECT s.shop_id, s.shop_name, s.shop_desc, s.shop_addr, s.phone, s.shop_img, s.priority, s.create_time, s.last_edit_time, s.enable_status, s.advice, a.area_id, a.area_name, sc.shop_category_id, sc.shop_category_name FROM tb_shop s, tb_area a, tb_shop_category sc WHERE s.owner_id = ? AND s.area_id = a.area_id AND s.shop_category_id = sc.shop_category_id ORDER BY s.priority DESC LIMIT ?, ?;
2021-06-05 16:38:17.473 [main] DEBUG org.vuffy.o2o.dao.ShopDao.queryShopList - ==> Parameters: 1(Long), 0(Integer), 5(Integer)
2021-06-05 16:38:17.533 [main] DEBUG org.vuffy.o2o.dao.ShopDao.queryShopList - <==      Total: 5
2021-06-05 16:42:19.457 [main] DEBUG org.vuffy.o2o.dao.ShopDao.queryShopList - ==>  Preparing: SELECT s.shop_id, s.shop_name, s.shop_desc, s.shop_addr, s.phone, s.shop_img, s.priority, s.create_time, s.last_edit_time, s.enable_status, s.advice, a.area_id, a.area_name, sc.shop_category_id, sc.shop_category_name FROM tb_shop s, tb_area a, tb_shop_category sc WHERE s.owner_id = ? AND s.area_id = a.area_id AND s.shop_category_id = sc.shop_category_id ORDER BY s.priority DESC LIMIT ?, ?;
2021-06-05 16:42:19.542 [main] DEBUG org.vuffy.o2o.dao.ShopDao.queryShopList - ==> Parameters: 1(Long), 0(Integer), 5(Integer)
2021-06-05 16:42:19.597 [main] DEBUG org.vuffy.o2o.dao.ShopDao.queryShopList - <==      Total: 5
2021-06-05 16:42:19.609 [main] DEBUG org.vuffy.o2o.dao.ShopDao.queryShopCount - ==>  Preparing: SELECT count(1) FROM tb_shop s, tb_area a, tb_shop_category sc WHERE s.owner_id = ? AND s.area_id = a.area_id AND s.shop_category_id = sc.shop_category_id
2021-06-05 16:42:19.609 [main] DEBUG org.vuffy.o2o.dao.ShopDao.queryShopCount - ==> Parameters: 1(Long)
2021-06-05 16:42:19.612 [main] DEBUG org.vuffy.o2o.dao.ShopDao.queryShopCount - <==      Total: 1
2021-06-05 16:58:25.985 [main] DEBUG org.vuffy.o2o.dao.ShopDao.queryShopList - ==>  Preparing: SELECT s.shop_id, s.shop_name, s.shop_desc, s.shop_addr, s.phone, s.shop_img, s.priority, s.create_time, s.last_edit_time, s.enable_status, s.advice, a.area_id, a.area_name, sc.shop_category_id, sc.shop_category_name FROM tb_shop s, tb_area a, tb_shop_category sc WHERE s.owner_id = ? AND s.area_id = a.area_id AND s.shop_category_id = sc.shop_category_id ORDER BY s.priority DESC LIMIT ?, ?;
2021-06-05 16:58:26.038 [main] DEBUG org.vuffy.o2o.dao.ShopDao.queryShopList - ==> Parameters: 1(Long), 0(Integer), 5(Integer)
2021-06-05 16:58:26.081 [main] DEBUG org.vuffy.o2o.dao.ShopDao.queryShopList - <==      Total: 5
2021-06-05 16:58:26.091 [main] DEBUG org.vuffy.o2o.dao.ShopDao.queryShopCount - ==>  Preparing: SELECT count(1) FROM tb_shop s, tb_area a, tb_shop_category sc WHERE s.owner_id = ? AND s.area_id = a.area_id AND s.shop_category_id = sc.shop_category_id
2021-06-05 16:58:26.091 [main] DEBUG org.vuffy.o2o.dao.ShopDao.queryShopCount - ==> Parameters: 1(Long)
2021-06-05 16:58:26.094 [main] DEBUG org.vuffy.o2o.dao.ShopDao.queryShopCount - <==      Total: 1
2021-06-05 16:58:26.096 [main] DEBUG org.vuffy.o2o.dao.ShopDao.queryShopCount - ==>  Preparing: SELECT count(1) FROM tb_shop s, tb_area a, tb_shop_category sc WHERE s.shop_category_id = ? and s.owner_id = ? AND s.area_id = a.area_id AND s.shop_category_id = sc.shop_category_id
2021-06-05 16:58:26.097 [main] DEBUG org.vuffy.o2o.dao.ShopDao.queryShopCount - ==> Parameters: 4(Long), 1(Long)
2021-06-05 16:58:26.099 [main] DEBUG org.vuffy.o2o.dao.ShopDao.queryShopCount - <==      Total: 1
2021-06-05 17:00:27.860 [main] DEBUG org.vuffy.o2o.dao.ShopDao.queryShopList - ==>  Preparing: SELECT s.shop_id, s.shop_name, s.shop_desc, s.shop_addr, s.phone, s.shop_img, s.priority, s.create_time, s.last_edit_time, s.enable_status, s.advice, a.area_id, a.area_name, sc.shop_category_id, sc.shop_category_name FROM tb_shop s, tb_area a, tb_shop_category sc WHERE s.owner_id = ? AND s.area_id = a.area_id AND s.shop_category_id = sc.shop_category_id ORDER BY s.priority DESC LIMIT ?, ?;
2021-06-05 17:00:27.913 [main] DEBUG org.vuffy.o2o.dao.ShopDao.queryShopList - ==> Parameters: 1(Long), 0(Integer), 5(Integer)
2021-06-05 17:00:27.954 [main] DEBUG org.vuffy.o2o.dao.ShopDao.queryShopList - <==      Total: 5
2021-06-05 17:00:27.965 [main] DEBUG org.vuffy.o2o.dao.ShopDao.queryShopCount - ==>  Preparing: SELECT count(1) FROM tb_shop s, tb_area a, tb_shop_category sc WHERE s.owner_id = ? AND s.area_id = a.area_id AND s.shop_category_id = sc.shop_category_id
2021-06-05 17:00:27.965 [main] DEBUG org.vuffy.o2o.dao.ShopDao.queryShopCount - ==> Parameters: 1(Long)
2021-06-05 17:00:27.968 [main] DEBUG org.vuffy.o2o.dao.ShopDao.queryShopCount - <==      Total: 1
2021-06-05 17:00:27.970 [main] DEBUG org.vuffy.o2o.dao.ShopDao.queryShopList - ==>  Preparing: SELECT s.shop_id, s.shop_name, s.shop_desc, s.shop_addr, s.phone, s.shop_img, s.priority, s.create_time, s.last_edit_time, s.enable_status, s.advice, a.area_id, a.area_name, sc.shop_category_id, sc.shop_category_name FROM tb_shop s, tb_area a, tb_shop_category sc WHERE s.shop_category_id = ? and s.owner_id = ? AND s.area_id = a.area_id AND s.shop_category_id = sc.shop_category_id ORDER BY s.priority DESC LIMIT ?, ?;
2021-06-05 17:00:27.971 [main] DEBUG org.vuffy.o2o.dao.ShopDao.queryShopList - ==> Parameters: 4(Long), 1(Long), 0(Integer), 5(Integer)
2021-06-05 17:00:27.977 [main] DEBUG org.vuffy.o2o.dao.ShopDao.queryShopList - <==      Total: 5
2021-06-05 17:00:27.978 [main] DEBUG org.vuffy.o2o.dao.ShopDao.queryShopCount - ==>  Preparing: SELECT count(1) FROM tb_shop s, tb_area a, tb_shop_category sc WHERE s.shop_category_id = ? and s.owner_id = ? AND s.area_id = a.area_id AND s.shop_category_id = sc.shop_category_id
2021-06-05 17:00:27.978 [main] DEBUG org.vuffy.o2o.dao.ShopDao.queryShopCount - ==> Parameters: 4(Long), 1(Long)
2021-06-05 17:00:27.980 [main] DEBUG org.vuffy.o2o.dao.ShopDao.queryShopCount - <==      Total: 1
2021-06-05 17:03:16.636 [main] DEBUG org.vuffy.o2o.dao.ShopDao.queryShopList - ==>  Preparing: SELECT s.shop_id, s.shop_name, s.shop_desc, s.shop_addr, s.phone, s.shop_img, s.priority, s.create_time, s.last_edit_time, s.enable_status, s.advice, a.area_id, a.area_name, sc.shop_category_id, sc.shop_category_name FROM tb_shop s, tb_area a, tb_shop_category sc WHERE s.owner_id = ? AND s.area_id = a.area_id AND s.shop_category_id = sc.shop_category_id ORDER BY s.priority DESC LIMIT ?, ?;
2021-06-05 17:03:16.679 [main] DEBUG org.vuffy.o2o.dao.ShopDao.queryShopList - ==> Parameters: 1(Long), 0(Integer), 5(Integer)
2021-06-05 17:03:16.718 [main] DEBUG org.vuffy.o2o.dao.ShopDao.queryShopList - <==      Total: 5
2021-06-05 17:03:16.725 [main] DEBUG org.vuffy.o2o.dao.ShopDao.queryShopCount - ==>  Preparing: SELECT count(1) FROM tb_shop s, tb_area a, tb_shop_category sc WHERE s.owner_id = ? AND s.area_id = a.area_id AND s.shop_category_id = sc.shop_category_id
2021-06-05 17:03:16.726 [main] DEBUG org.vuffy.o2o.dao.ShopDao.queryShopCount - ==> Parameters: 1(Long)
2021-06-05 17:03:16.728 [main] DEBUG org.vuffy.o2o.dao.ShopDao.queryShopCount - <==      Total: 1
2021-06-05 17:03:16.729 [main] DEBUG org.vuffy.o2o.dao.ShopDao.queryShopList - ==>  Preparing: SELECT s.shop_id, s.shop_name, s.shop_desc, s.shop_addr, s.phone, s.shop_img, s.priority, s.create_time, s.last_edit_time, s.enable_status, s.advice, a.area_id, a.area_name, sc.shop_category_id, sc.shop_category_name FROM tb_shop s, tb_area a, tb_shop_category sc WHERE s.shop_category_id = ? and s.owner_id = ? AND s.area_id = a.area_id AND s.shop_category_id = sc.shop_category_id ORDER BY s.priority DESC LIMIT ?, ?;
2021-06-05 17:03:16.730 [main] DEBUG org.vuffy.o2o.dao.ShopDao.queryShopList - ==> Parameters: 4(Long), 1(Long), 0(Integer), 5(Integer)
2021-06-05 17:03:16.734 [main] DEBUG org.vuffy.o2o.dao.ShopDao.queryShopList - <==      Total: 5
2021-06-05 17:03:16.736 [main] DEBUG org.vuffy.o2o.dao.ShopDao.queryShopCount - ==>  Preparing: SELECT count(1) FROM tb_shop s, tb_area a, tb_shop_category sc WHERE s.shop_category_id = ? and s.owner_id = ? AND s.area_id = a.area_id AND s.shop_category_id = sc.shop_category_id
2021-06-05 17:03:16.736 [main] DEBUG org.vuffy.o2o.dao.ShopDao.queryShopCount - ==> Parameters: 4(Long), 1(Long)
2021-06-05 17:03:16.738 [main] DEBUG org.vuffy.o2o.dao.ShopDao.queryShopCount - <==      Total: 1
2021-06-05 17:05:34.531 [main] DEBUG org.vuffy.o2o.dao.ShopDao.queryShopList - ==>  Preparing: SELECT s.shop_id, s.shop_name, s.shop_desc, s.shop_addr, s.phone, s.shop_img, s.priority, s.create_time, s.last_edit_time, s.enable_status, s.advice, a.area_id, a.area_name, sc.shop_category_id, sc.shop_category_name FROM tb_shop s, tb_area a, tb_shop_category sc WHERE s.owner_id = ? AND s.area_id = a.area_id AND s.shop_category_id = sc.shop_category_id ORDER BY s.priority DESC LIMIT ?, ?;
2021-06-05 17:05:34.586 [main] DEBUG org.vuffy.o2o.dao.ShopDao.queryShopList - ==> Parameters: 1(Long), 0(Integer), 5(Integer)
2021-06-05 17:05:34.628 [main] DEBUG org.vuffy.o2o.dao.ShopDao.queryShopList - <==      Total: 5
2021-06-05 17:05:34.638 [main] DEBUG org.vuffy.o2o.dao.ShopDao.queryShopCount - ==>  Preparing: SELECT count(1) FROM tb_shop s, tb_area a, tb_shop_category sc WHERE s.owner_id = ? AND s.area_id = a.area_id AND s.shop_category_id = sc.shop_category_id
2021-06-05 17:05:34.639 [main] DEBUG org.vuffy.o2o.dao.ShopDao.queryShopCount - ==> Parameters: 1(Long)
2021-06-05 17:05:34.642 [main] DEBUG org.vuffy.o2o.dao.ShopDao.queryShopCount - <==      Total: 1
2021-06-05 17:05:34.644 [main] DEBUG org.vuffy.o2o.dao.ShopDao.queryShopList - ==>  Preparing: SELECT s.shop_id, s.shop_name, s.shop_desc, s.shop_addr, s.phone, s.shop_img, s.priority, s.create_time, s.last_edit_time, s.enable_status, s.advice, a.area_id, a.area_name, sc.shop_category_id, sc.shop_category_name FROM tb_shop s, tb_area a, tb_shop_category sc WHERE s.shop_category_id = ? and s.owner_id = ? AND s.area_id = a.area_id AND s.shop_category_id = sc.shop_category_id ORDER BY s.priority DESC LIMIT ?, ?;
2021-06-05 17:05:34.645 [main] DEBUG org.vuffy.o2o.dao.ShopDao.queryShopList - ==> Parameters: 4(Long), 1(Long), 0(Integer), 5(Integer)
2021-06-05 17:05:34.651 [main] DEBUG org.vuffy.o2o.dao.ShopDao.queryShopList - <==      Total: 5
2021-06-05 17:05:34.652 [main] DEBUG org.vuffy.o2o.dao.ShopDao.queryShopCount - ==>  Preparing: SELECT count(1) FROM tb_shop s, tb_area a, tb_shop_category sc WHERE s.shop_category_id = ? and s.owner_id = ? AND s.area_id = a.area_id AND s.shop_category_id = sc.shop_category_id
2021-06-05 17:05:34.653 [main] DEBUG org.vuffy.o2o.dao.ShopDao.queryShopCount - ==> Parameters: 4(Long), 1(Long)
2021-06-05 17:05:34.655 [main] DEBUG org.vuffy.o2o.dao.ShopDao.queryShopCount - <==      Total: 1
2021-06-05 17:17:33.126 [main] DEBUG org.vuffy.o2o.dao.ShopDao.queryShopList - ==>  Preparing: SELECT s.shop_id, s.shop_name, s.shop_desc, s.shop_addr, s.phone, s.shop_img, s.priority, s.create_time, s.last_edit_time, s.enable_status, s.advice, a.area_id, a.area_name, sc.shop_category_id, sc.shop_category_name FROM tb_shop s, tb_area a, tb_shop_category sc WHERE s.owner_id = ? AND s.area_id = a.area_id AND s.shop_category_id = sc.shop_category_id ORDER BY s.priority DESC LIMIT ?, ?;
2021-06-05 17:17:33.176 [main] DEBUG org.vuffy.o2o.dao.ShopDao.queryShopList - ==> Parameters: 1(Long), 0(Integer), 5(Integer)
2021-06-05 17:17:33.216 [main] DEBUG org.vuffy.o2o.dao.ShopDao.queryShopList - <==      Total: 5
2021-06-05 17:17:33.226 [main] DEBUG org.vuffy.o2o.dao.ShopDao.queryShopCount - ==>  Preparing: SELECT count(1) FROM tb_shop s, tb_area a, tb_shop_category sc WHERE s.owner_id = ? AND s.area_id = a.area_id AND s.shop_category_id = sc.shop_category_id
2021-06-05 17:17:33.226 [main] DEBUG org.vuffy.o2o.dao.ShopDao.queryShopCount - ==> Parameters: 1(Long)
2021-06-05 17:17:33.229 [main] DEBUG org.vuffy.o2o.dao.ShopDao.queryShopCount - <==      Total: 1
2021-06-05 17:17:33.231 [main] DEBUG org.vuffy.o2o.dao.ShopDao.queryShopList - ==>  Preparing: SELECT s.shop_id, s.shop_name, s.shop_desc, s.shop_addr, s.phone, s.shop_img, s.priority, s.create_time, s.last_edit_time, s.enable_status, s.advice, a.area_id, a.area_name, sc.shop_category_id, sc.shop_category_name FROM tb_shop s, tb_area a, tb_shop_category sc WHERE s.shop_category_id = ? and s.owner_id = ? AND s.area_id = a.area_id AND s.shop_category_id = sc.shop_category_id ORDER BY s.priority DESC LIMIT ?, ?;
2021-06-05 17:17:33.232 [main] DEBUG org.vuffy.o2o.dao.ShopDao.queryShopList - ==> Parameters: 4(Long), 1(Long), 0(Integer), 5(Integer)
2021-06-05 17:17:33.239 [main] DEBUG org.vuffy.o2o.dao.ShopDao.queryShopList - <==      Total: 5
2021-06-05 17:17:33.240 [main] DEBUG org.vuffy.o2o.dao.ShopDao.queryShopCount - ==>  Preparing: SELECT count(1) FROM tb_shop s, tb_area a, tb_shop_category sc WHERE s.shop_category_id = ? and s.owner_id = ? AND s.area_id = a.area_id AND s.shop_category_id = sc.shop_category_id
2021-06-05 17:17:33.241 [main] DEBUG org.vuffy.o2o.dao.ShopDao.queryShopCount - ==> Parameters: 4(Long), 1(Long)
2021-06-05 17:17:33.243 [main] DEBUG org.vuffy.o2o.dao.ShopDao.queryShopCount - <==      Total: 1
2021-06-05 18:17:54.241 [main] DEBUG org.vuffy.o2o.dao.ShopDao.queryShopList - ==>  Preparing: SELECT s.shop_id, s.shop_name, s.shop_desc, s.shop_addr, s.phone, s.shop_img, s.priority, s.create_time, s.last_edit_time, s.enable_status, s.advice, a.area_id, a.area_name, sc.shop_category_id, sc.shop_category_name FROM tb_shop s, tb_area a, tb_shop_category sc WHERE s.shop_category_id = ? AND s.area_id = a.area_id AND s.shop_category_id = sc.shop_category_id ORDER BY s.priority DESC LIMIT ?, ?;
2021-06-05 18:17:54.286 [main] DEBUG org.vuffy.o2o.dao.ShopDao.queryShopList - ==> Parameters: 4(Long), 0(Integer), 3(Integer)
2021-06-05 18:17:54.328 [main] DEBUG org.vuffy.o2o.dao.ShopDao.queryShopList - <==      Total: 3
2021-06-05 18:17:54.339 [main] DEBUG org.vuffy.o2o.dao.ShopDao.queryShopCount - ==>  Preparing: SELECT count(1) FROM tb_shop s, tb_area a, tb_shop_category sc WHERE s.shop_category_id = ? AND s.area_id = a.area_id AND s.shop_category_id = sc.shop_category_id
2021-06-05 18:17:54.340 [main] DEBUG org.vuffy.o2o.dao.ShopDao.queryShopCount - ==> Parameters: 4(Long)
2021-06-05 18:17:54.342 [main] DEBUG org.vuffy.o2o.dao.ShopDao.queryShopCount - <==      Total: 1
2021-06-05 18:18:40.511 [main] DEBUG org.vuffy.o2o.dao.ShopDao.queryShopList - ==>  Preparing: SELECT s.shop_id, s.shop_name, s.shop_desc, s.shop_addr, s.phone, s.shop_img, s.priority, s.create_time, s.last_edit_time, s.enable_status, s.advice, a.area_id, a.area_name, sc.shop_category_id, sc.shop_category_name FROM tb_shop s, tb_area a, tb_shop_category sc WHERE s.shop_category_id = ? AND s.area_id = a.area_id AND s.shop_category_id = sc.shop_category_id ORDER BY s.priority DESC LIMIT ?, ?;
2021-06-05 18:18:40.573 [main] DEBUG org.vuffy.o2o.dao.ShopDao.queryShopList - ==> Parameters: 4(Long), 0(Integer), 3(Integer)
2021-06-05 18:18:40.628 [main] DEBUG org.vuffy.o2o.dao.ShopDao.queryShopList - <==      Total: 3
2021-06-05 18:18:40.641 [main] DEBUG org.vuffy.o2o.dao.ShopDao.queryShopCount - ==>  Preparing: SELECT count(1) FROM tb_shop s, tb_area a, tb_shop_category sc WHERE s.shop_category_id = ? AND s.area_id = a.area_id AND s.shop_category_id = sc.shop_category_id
2021-06-05 18:18:40.642 [main] DEBUG org.vuffy.o2o.dao.ShopDao.queryShopCount - ==> Parameters: 4(Long)
2021-06-05 18:18:40.644 [main] DEBUG org.vuffy.o2o.dao.ShopDao.queryShopCount - <==      Total: 1
2021-06-05 18:18:58.054 [main] DEBUG org.vuffy.o2o.dao.ShopDao.queryShopList - ==>  Preparing: SELECT s.shop_id, s.shop_name, s.shop_desc, s.shop_addr, s.phone, s.shop_img, s.priority, s.create_time, s.last_edit_time, s.enable_status, s.advice, a.area_id, a.area_name, sc.shop_category_id, sc.shop_category_name FROM tb_shop s, tb_area a, tb_shop_category sc WHERE s.shop_category_id = ? AND s.area_id = a.area_id AND s.shop_category_id = sc.shop_category_id ORDER BY s.priority DESC LIMIT ?, ?;
2021-06-05 18:18:58.109 [main] DEBUG org.vuffy.o2o.dao.ShopDao.queryShopList - ==> Parameters: 4(Long), 24(Integer), 3(Integer)
2021-06-05 18:18:58.137 [main] DEBUG org.vuffy.o2o.dao.ShopDao.queryShopList - <==      Total: 0
2021-06-05 18:18:58.144 [main] DEBUG org.vuffy.o2o.dao.ShopDao.queryShopCount - ==>  Preparing: SELECT count(1) FROM tb_shop s, tb_area a, tb_shop_category sc WHERE s.shop_category_id = ? AND s.area_id = a.area_id AND s.shop_category_id = sc.shop_category_id
2021-06-05 18:18:58.145 [main] DEBUG org.vuffy.o2o.dao.ShopDao.queryShopCount - ==> Parameters: 4(Long)
2021-06-05 18:18:58.148 [main] DEBUG org.vuffy.o2o.dao.ShopDao.queryShopCount - <==      Total: 1
2021-06-05 18:23:12.349 [main] DEBUG org.vuffy.o2o.dao.ShopDao.queryShopList - ==>  Preparing: SELECT s.shop_id, s.shop_name, s.shop_desc, s.shop_addr, s.phone, s.shop_img, s.priority, s.create_time, s.last_edit_time, s.enable_status, s.advice, a.area_id, a.area_name, sc.shop_category_id, sc.shop_category_name FROM tb_shop s, tb_area a, tb_shop_category sc WHERE s.shop_category_id = ? AND s.area_id = a.area_id AND s.shop_category_id = sc.shop_category_id ORDER BY s.priority DESC LIMIT ?, ?;
2021-06-05 18:23:12.405 [main] DEBUG org.vuffy.o2o.dao.ShopDao.queryShopList - ==> Parameters: 4(Long), 6(Integer), 3(Integer)
2021-06-05 18:23:12.450 [main] DEBUG org.vuffy.o2o.dao.ShopDao.queryShopList - <==      Total: 1
2021-06-05 18:23:12.459 [main] DEBUG org.vuffy.o2o.dao.ShopDao.queryShopCount - ==>  Preparing: SELECT count(1) FROM tb_shop s, tb_area a, tb_shop_category sc WHERE s.shop_category_id = ? AND s.area_id = a.area_id AND s.shop_category_id = sc.shop_category_id
2021-06-05 18:23:12.460 [main] DEBUG org.vuffy.o2o.dao.ShopDao.queryShopCount - ==> Parameters: 4(Long)
2021-06-05 18:23:12.462 [main] DEBUG org.vuffy.o2o.dao.ShopDao.queryShopCount - <==      Total: 1
2021-06-05 18:38:06.832 [main] DEBUG org.vuffy.o2o.dao.ShopDao.queryShopList - ==>  Preparing: SELECT s.shop_id, s.shop_name, s.shop_desc, s.shop_addr, s.phone, s.shop_img, s.priority, s.create_time, s.last_edit_time, s.enable_status, s.advice, a.area_id, a.area_name, sc.shop_category_id, sc.shop_category_name FROM tb_shop s, tb_area a, tb_shop_category sc WHERE s.shop_category_id = ? AND s.area_id = a.area_id AND s.shop_category_id = sc.shop_category_id ORDER BY s.priority DESC LIMIT ?, ?;
2021-06-05 18:38:06.890 [main] DEBUG org.vuffy.o2o.dao.ShopDao.queryShopList - ==> Parameters: 4(Long), 6(Integer), 3(Integer)
2021-06-05 18:38:06.935 [main] DEBUG org.vuffy.o2o.dao.ShopDao.queryShopList - <==      Total: 1
2021-06-05 18:38:06.945 [main] DEBUG org.vuffy.o2o.dao.ShopDao.queryShopCount - ==>  Preparing: SELECT count(1) FROM tb_shop s, tb_area a, tb_shop_category sc WHERE s.shop_category_id = ? AND s.area_id = a.area_id AND s.shop_category_id = sc.shop_category_id
2021-06-05 18:38:06.946 [main] DEBUG org.vuffy.o2o.dao.ShopDao.queryShopCount - ==> Parameters: 4(Long)
2021-06-05 18:38:06.948 [main] DEBUG org.vuffy.o2o.dao.ShopDao.queryShopCount - <==      Total: 1
